[0m22:23:42.370550 [debug] [MainThread]: Sending event: {'category': 'dbt', 'action': 'invocation', 'label': 'start', 'context': [<snowplow_tracker.self_describing_json.SelfDescribingJson object at 0x00000202D726E690>, <snowplow_tracker.self_describing_json.SelfDescribingJson object at 0x00000202D725D010>, <snowplow_tracker.self_describing_json.SelfDescribingJson object at 0x00000202D7953E90>]}


============================== 22:23:42.372946 | c1970189-8b9c-4128-9f27-fa04cd4a9f49 ==============================
[0m22:23:42.372946 [info ] [MainThread]: Running with dbt=1.6.6
[0m22:23:42.372946 [debug] [MainThread]: running dbt with arguments {'printer_width': '80', 'indirect_selection': 'eager', 'log_cache_events': 'False', 'write_json': 'True', 'partial_parse': 'True', 'cache_selected_only': 'False', 'profiles_dir': 'C:\\Users\\muro_\\.dbt', 'fail_fast': 'False', 'warn_error': 'None', 'log_path': 'logs', 'debug': 'False', 'version_check': 'True', 'use_colors': 'True', 'use_experimental_parser': 'False', 'no_print': 'None', 'quiet': 'False', 'log_format': 'default', 'invocation_command': 'dbt init', 'introspect': 'True', 'static_parser': 'True', 'target_path': 'None', 'warn_error_options': 'WarnErrorOptions(include=[], exclude=[])', 'send_anonymous_usage_stats': 'True'}
[0m22:23:42.378447 [warn ] [MainThread]: [ConfigFolderDirectory]: Unable to parse dict {'dir': WindowsPath('C:/Users/muro_/.dbt')}
[0m22:23:42.378957 [info ] [MainThread]: Creating dbt configuration folder at 
[0m22:24:10.375036 [debug] [MainThread]: Starter project path: C:\Users\muro_\PycharmProjects\dbt\venv\Lib\site-packages\dbt\include\starter_project
[0m22:24:10.407546 [info ] [MainThread]: 
Your new dbt project "dbt_stocks" was created!

For more information on how to configure the profiles.yml file,
please consult the dbt documentation here:

  https://docs.getdbt.com/docs/configure-your-profile

One more thing:

Need help? Don't hesitate to reach out to us via GitHub issues or on Slack:

  https://community.getdbt.com/

Happy modeling!

[0m22:24:10.410050 [info ] [MainThread]: Setting up your profile.
[0m22:24:16.563225 [info ] [MainThread]: Profile dbt_stocks written to C:\Users\muro_\.dbt\profiles.yml using target's sample configuration. Once updated, you'll be able to start developing with dbt.
[0m22:24:16.563225 [debug] [MainThread]: Command `dbt init` succeeded at 22:24:16.563225 after 34.21 seconds
[0m22:24:16.570754 [debug] [MainThread]: Sending event: {'category': 'dbt', 'action': 'invocation', 'label': 'end', 'context': [<snowplow_tracker.self_describing_json.SelfDescribingJson object at 0x00000202D726E7D0>, <snowplow_tracker.self_describing_json.SelfDescribingJson object at 0x00000202D725CD90>, <snowplow_tracker.self_describing_json.SelfDescribingJson object at 0x00000202D6FC7350>]}
[0m22:24:16.571968 [debug] [MainThread]: Flushing usage events
